<?xml version="1.0" encoding="UTF-8"?>
<testsuite xmlns:xsi="http://www.w3.org/2001/XMLSchema-instance" xsi:noNamespaceSchemaLocation="https://maven.apache.org/surefire/maven-surefire-plugin/xsd/surefire-test-report.xsd" name="familyTreeTest.CommandsTest" time="0.322" tests="16" errors="0" skipped="0" failures="0">
  <properties>
[...]
</properties>
  <testcase name="commandsTest{String, String}[1]" classname="familyTreeTest.CommandsTest" time="0.069"/>
  <testcase name="commandsTest{String, String}[2]" classname="familyTreeTest.CommandsTest" time="0"/>
  <testcase name="commandsTest{String, String}[3]" classname="familyTreeTest.CommandsTest" time="0.008"/>
  <testcase name="commandsTest{String, String}[4]" classname="familyTreeTest.CommandsTest" time="0"/>
  <testcase name="commandsTest{String, String}[5]" classname="familyTreeTest.CommandsTest" time="0"/>
  <testcase name="commandsTest{String, String}[6]" classname="familyTreeTest.CommandsTest" time="0"/>
  <testcase name="commandsTest{String, String}[7]" classname="familyTreeTest.CommandsTest" time="0"/>
  <testcase name="commandsTest{String, String}[8]" classname="familyTreeTest.CommandsTest" time="0"/>
  <testcase name="commandsTest{String, String}[9]" classname="familyTreeTest.CommandsTest" time="0.002"/>
  <testcase name="commandsTest{String, String}[10]" classname="familyTreeTest.CommandsTest" time="0"/>
  <testcase name="commandsTest{String, String}[11]" classname="familyTreeTest.CommandsTest" time="0"/>
  <testcase name="commandsTest{String, String}[12]" classname="familyTreeTest.CommandsTest" time="0"/>
  <testcase name="commandsTest{String, String}[13]" classname="familyTreeTest.CommandsTest" time="0"/>
  <testcase name="commandsTest{String, String}[14]" classname="familyTreeTest.CommandsTest" time="0"/>
  <testcase name="commandsTest{String, String}[15]" classname="familyTreeTest.CommandsTest" time="0"/>
  <testcase name="commandsTest{String, String}[16]" classname="familyTreeTest.CommandsTest" time="0"/>
</testsuite>